<?xml version="1.0" encoding="UTF-8"?>
<testng-results skipped="0" failed="0" ignored="0" total="1" passed="1">
  <reporter-output>
    <line>
      <![CDATA[资料收取<br/><img src="E:\work_space\js_de\debug\SeleniumConfig\bin\Debug\SootScreens\2019-05-17\13_35\资料收取.png"  hight="300" width="300"  onclick="javascript:window.open(this.src);"/>]]>
    </line>
    <line>
      <![CDATA[执行报错信息：unknown error: Element is not clickable at point (42, 167). Other element would receive the click: <div id="loading-indicator-undefined-overlay" class="loading-indicator-overlay" style="width: 1050px; height: 381px; left: 0px; position: absolute; top: 128px; z-index: 5000;"></div>
  (Session info: chrome=34.0.1847.116)
  (Driver info: chromedriver=2.9.248315,platform=Windows NT 6.3 x86_64) (WARNING: The server did not provide any stacktrace information)
Command duration or timeout: 38 milliseconds
Build info: version: 'unknown', revision: 'unknown', time: 'unknown'
System info: host: 'SuperMan-Wangyan20180625', ip: '192.168.6.79', os.name: 'Windows 10', os.arch: 'amd64', os.version: '10.0', java.version: '1.8.0_131'
Driver info: org.openqa.selenium.chrome.ChromeDriver
Capabilities [{applicationCacheEnabled=false, rotatable=false, chrome={userDataDir=C:\Users\ADMINI~1\AppData\Local\Temp\scoped_dir1840_4325}, takesHeapSnapshot=true, databaseEnabled=false, handlesAlerts=true, version=34.0.1847.116, platform=XP, browserConnectionEnabled=false, nativeEvents=true, acceptSslCerts=true, locationContextEnabled=true, webStorageEnabled=true, browserName=chrome, takesScreenshot=true, javascriptEnabled=true, cssSelectorsEnabled=true}]
Session ID: 5b162d0db536c8e6b7c5b194df66762d]]>
    </line>
    <line>
      <![CDATA[执行方案-报错截图2019-05-17 13_34<br/><img src="E:\work_space\js_de\debug\SeleniumConfig\bin\Debug\SootScreens\2019-05-17\13_35\执行方案-报错截图2019-05-17 13_34.png"  hight="300" width="300"  onclick="javascript:window.open(this.src);"/>]]>
    </line>
    <line>
      <![CDATA[强行退出]]>
    </line>
    <line>
      <![CDATA[]]>
    </line>
    <line>
      <![CDATA[]]>
    </line>
  </reporter-output>
  <suite name="国有建设用地使用权及房屋所有权（大宗地）-注销登记" duration-ms="15" started-at="2019-05-17T05:35:55Z" finished-at="2019-05-17T05:35:55Z">
    <groups>
    </groups>
    <test name="断言详情查看" duration-ms="15" started-at="2019-05-17T05:35:55Z" finished-at="2019-05-17T05:35:55Z">
      <class name="Test.NoAssert">
        <test-method status="PASS" signature="showReport()[pri:0, instance:Test.NoAssert@6573ca86]" name="showReport" duration-ms="3" started-at="2019-05-17T05:35:55Z" finished-at="2019-05-17T05:35:55Z">
          <reporter-output>
            <line>
              <![CDATA[]]>
            </line>
          </reporter-output>
        </test-method> <!-- showReport -->
      </class> <!-- Test.NoAssert -->
    </test> <!-- 断言详情查看 -->
  </suite> <!-- 国有建设用地使用权及房屋所有权（大宗地）-注销登记 -->
</testng-results>
