<?xml version="1.0" encoding="UTF-8"?>
<!-- Generated by org.testng.reporters.JUnitXMLReporter -->
<testsuite hostname="MTC-20180624XMT" name="断言详情查看" tests="2" failures="1" timestamp="14 Mar 2019 04:46:53 GMT" time="0.142" errors="0">
  <testcase name="star" time="0.039" classname="Test.DataProviderSet_Assert">
    <failure type="org.junit.ComparisonFailure" message="expected:&amp;lt;&amp;quot;申请人[]&amp;quot;&amp;gt; but was:&amp;lt;&amp;quot;申请人[信息]&amp;quot;&amp;gt;">
      <![CDATA[org.junit.ComparisonFailure: expected:<"申请人[]"> but was:<"申请人[信息]">
	at Test.DataProviderSet_Assert.star(DataProviderSet_Assert.java:29)
	at configSelenium.ConfigSeleniumStart.dotestng(ConfigSeleniumStart.java:1012)
	at configSelenium.ConfigSeleniumStart.ActdefAction(ConfigSeleniumStart.java:820)
	at configSelenium.ConfigSeleniumStart.main(ConfigSeleniumStart.java:192)
... Removed 24 stack frames]]>
    </failure>
  </testcase> <!-- star -->
  <testcase name="star" time="0.0" classname="Test.DataProviderSet_Assert"/>
</testsuite> <!-- 断言详情查看 -->
