<?xml version="1.0" encoding="UTF-8"?>
<testng-results skipped="0" failed="0" ignored="0" total="1" passed="1">
  <reporter-output>
    <line>
      <![CDATA[执行报错信息：null]]>
    </line>
    <line>
      <![CDATA[执行方案-报错截图2019-05-17 10_30<br/><img src="E:\work_space\js_de\debug\SeleniumConfig\bin\Debug\SootScreens\2019-05-17\10_34\执行方案-报错截图2019-05-17 10_30.png"  hight="300" width="300"  onclick="javascript:window.open(this.src);"/>]]>
    </line>
    <line>
      <![CDATA[强行退出]]>
    </line>
    <line>
      <![CDATA[]]>
    </line>
    <line>
      <![CDATA[]]>
    </line>
    <line>
      <![CDATA[该流程未完成，请留意!]]>
    </line>
    <line>
      <![CDATA[]]>
    </line>
    <line>
      <![CDATA[]]>
    </line>
  </reporter-output>
  <suite name="预购商品房预告登记-预购商品房抵押权预告登记" duration-ms="0" started-at="2019-05-17T02:34:18Z" finished-at="2019-05-17T02:34:18Z">
    <groups>
    </groups>
    <test name="断言详情查看" duration-ms="0" started-at="2019-05-17T02:34:18Z" finished-at="2019-05-17T02:34:18Z">
      <class name="Test.NoAssert">
        <test-method status="PASS" signature="showReport()[pri:0, instance:Test.NoAssert@ee42f58]" name="showReport" duration-ms="0" started-at="2019-05-17T02:34:18Z" finished-at="2019-05-17T02:34:18Z">
          <reporter-output>
            <line>
              <![CDATA[]]>
            </line>
          </reporter-output>
        </test-method> <!-- showReport -->
      </class> <!-- Test.NoAssert -->
    </test> <!-- 断言详情查看 -->
  </suite> <!-- 预购商品房预告登记-预购商品房抵押权预告登记 -->
</testng-results>
