<?xml version="1.0" encoding="UTF-8"?>
<testng-results skipped="0" failed="0" ignored="0" total="1" passed="1">
  <reporter-output>
    <line>
      <![CDATA[收件受理-环节移交异常！转出校验信息为：
请添加需要登记的不动产单元！ 请添加办件相关申请人！
]]>
    </line>
    <line>
      <![CDATA[转出校验提示框-2019-05-20 14_41<br/><img src="E:\work_space\js_de\debug\SeleniumConfig\bin\Debug\SootScreens\2019-05-20\14_42\转出校验提示框-2019-05-20 14_41.png"  hight="300" width="300"  onclick="javascript:window.open(this.src);"/>]]>
    </line>
    <line>
      <![CDATA[执行报错信息：null]]>
    </line>
    <line>
      <![CDATA[执行方案-报错截图2019-05-20 14_41<br/><img src="E:\work_space\js_de\debug\SeleniumConfig\bin\Debug\SootScreens\2019-05-20\14_42\执行方案-报错截图2019-05-20 14_41.png"  hight="300" width="300"  onclick="javascript:window.open(this.src);"/>]]>
    </line>
    <line>
      <![CDATA[强行退出]]>
    </line>
    <line>
      <![CDATA[]]>
    </line>
    <line>
      <![CDATA[]]>
    </line>
  </reporter-output>
  <suite name="调试-国有建设用地使用权及房屋所有权（单套）-首次登记-assert_123" duration-ms="26" started-at="2019-05-20T06:42:14Z" finished-at="2019-05-20T06:42:14Z">
    <groups>
    </groups>
    <test name="断言详情查看" duration-ms="26" started-at="2019-05-20T06:42:14Z" finished-at="2019-05-20T06:42:14Z">
      <class name="Test.NoAssert">
        <test-method status="PASS" signature="showReport()[pri:0, instance:Test.NoAssert@3670ff30]" name="showReport" duration-ms="4" started-at="2019-05-20T06:42:14Z" finished-at="2019-05-20T06:42:14Z">
          <reporter-output>
            <line>
              <![CDATA[]]>
            </line>
          </reporter-output>
        </test-method> <!-- showReport -->
      </class> <!-- Test.NoAssert -->
    </test> <!-- 断言详情查看 -->
  </suite> <!-- 调试-国有建设用地使用权及房屋所有权（单套）-首次登记-assert_123 -->
</testng-results>
