<?xml version="1.0" encoding="UTF-8"?>
<testsuite name="测试"
           tests="2"
           failures="1"
           errors="0"
           skipped="1"
           time="0.000">
  <properties />
            <testcase name="as" time="0.000" classname="Test.Assert.TestCase">
                <failure type="org.testng.TestNGException"
                  message="
Can inject only one of &lt;ITestContext, XmlTest&gt; into a @BeforeTest annotated as.
For more information on native dependency injection please refer to http://testng.org/doc/documentation-main.html#native-dependency-injection"
              >
<![CDATA[org.testng.TestNGException: 
Can inject only one of <ITestContext, XmlTest> into a @BeforeTest annotated as.
For more information on native dependency injection please refer to http://testng.org/doc/documentation-main.html#native-dependency-injection
  org.testng.internal.Parameters.checkParameterTypes(Parameters.java:407)
  org.testng.internal.Parameters.createParametersForMethod(Parameters.java:356)
  org.testng.internal.Parameters.createParameters(Parameters.java:635)
  org.testng.internal.Parameters.createConfigurationParameters(Parameters.java:190)
  org.testng.internal.Invoker.invokeConfigurations(Invoker.java:209)
  org.testng.internal.Invoker.invokeConfigurations(Invoker.java:142)
  org.testng.TestRunner.beforeRun(TestRunner.java:529)
  org.testng.TestRunner.run(TestRunner.java:497)
  org.testng.SuiteRunner.runTest(SuiteRunner.java:455)
  org.testng.SuiteRunner.runSequentially(SuiteRunner.java:450)
  org.testng.SuiteRunner.privateRun(SuiteRunner.java:415)
  org.testng.SuiteRunner.run(SuiteRunner.java:364)
  org.testng.SuiteRunnerWorker.runSuite(SuiteRunnerWorker.java:52)
  org.testng.SuiteRunnerWorker.run(SuiteRunnerWorker.java:84)
  org.testng.TestNG.runSuitesSequentially(TestNG.java:1208)
  org.testng.TestNG.runSuitesLocally(TestNG.java:1137)
  org.testng.TestNG.runSuites(TestNG.java:1049)
  org.testng.TestNG.run(TestNG.java:1017)
  org.testng.IDEARemoteTestNG.run(IDEARemoteTestNG.java:72)
  org.testng.RemoteTestNGStarter.main(RemoteTestNGStarter.java:123)
]]>
      </failure>

          </testcase>
  
            <testcase name="Case1" time="0.0" classname="Test.Assert.TestCase">
          <skipped />
    </testcase>
  
  
</testsuite>
