<?xml version="1.0" encoding="UTF-8"?>
<testng-results skipped="0" failed="0" ignored="0" total="1" passed="1">
  <reporter-output>
    <line>
      <![CDATA[业务号：20190524-0001139]]>
    </line>
    <line>
      <![CDATA[该流程已正常走完!]]>
    </line>
    <line>
      <![CDATA[]]>
    </line>
    <line>
      <![CDATA[]]>
    </line>
  </reporter-output>
  <suite name="11.8预购商品房预告登记-预购商品房预告登记-预购商品房预告更正登记-11.8-预购商品房-预告更正登记（王岩）" duration-ms="18" started-at="2019-05-24T03:00:44Z" finished-at="2019-05-24T03:00:44Z">
    <groups>
    </groups>
    <test name="断言详情查看" duration-ms="18" started-at="2019-05-24T03:00:44Z" finished-at="2019-05-24T03:00:44Z">
      <class name="Test.NoAssert">
        <test-method status="PASS" signature="showReport()[pri:0, instance:Test.NoAssert@7e642f83]" name="showReport" duration-ms="5" started-at="2019-05-24T03:00:44Z" finished-at="2019-05-24T03:00:44Z">
          <reporter-output>
            <line>
              <![CDATA[]]>
            </line>
          </reporter-output>
        </test-method> <!-- showReport -->
      </class> <!-- Test.NoAssert -->
    </test> <!-- 断言详情查看 -->
  </suite> <!-- 11.8预购商品房预告登记-预购商品房预告登记-预购商品房预告更正登记-11.8-预购商品房-预告更正登记（王岩） -->
</testng-results>
