<?xml version="1.0" encoding="UTF-8"?>
<testng-results skipped="0" failed="0" ignored="0" total="1" passed="1">
  <reporter-output>
    <line>
      <![CDATA[大保存<br/><img src="E:\work_space\js_de\debug\SeleniumConfig\bin\Debug\SootScreens\2019-05-15\20_12\大保存.png"  hight="300" width="300"  onclick="javascript:window.open(this.src);"/>]]>
    </line>
    <line>
      <![CDATA[大保存(2)<br/><img src="E:\work_space\js_de\debug\SeleniumConfig\bin\Debug\SootScreens\2019-05-15\20_12\大保存(2).png"  hight="300" width="300" onclick="javascript:window.open(this.src);" />]]>
    </line>
    <line>
      <![CDATA[业务号：20190515-0000735]]>
    </line>
    <line>
      <![CDATA[该流程已正常走完!]]>
    </line>
    <line>
      <![CDATA[]]>
    </line>
    <line>
      <![CDATA[]]>
    </line>
    <line>
      <![CDATA[]]>
    </line>
    <line>
      <![CDATA[]]>
    </line>
  </reporter-output>
  <suite name="调试-预购商品房预告登记-预购商品房预告登记-预购商品房预告登记-修改单元信息（王岩）" duration-ms="1" started-at="2019-05-15T12:18:07Z" finished-at="2019-05-15T12:18:07Z">
    <groups>
    </groups>
    <test name="断言详情查看" duration-ms="1" started-at="2019-05-15T12:18:07Z" finished-at="2019-05-15T12:18:07Z">
      <class name="Test.NoAssert">
        <test-method status="PASS" signature="showReport()[pri:0, instance:Test.NoAssert@11ab6d81]" name="showReport" duration-ms="0" started-at="2019-05-15T12:18:07Z" finished-at="2019-05-15T12:18:07Z">
          <reporter-output>
            <line>
              <![CDATA[]]>
            </line>
          </reporter-output>
        </test-method> <!-- showReport -->
      </class> <!-- Test.NoAssert -->
    </test> <!-- 断言详情查看 -->
  </suite> <!-- 调试-预购商品房预告登记-预购商品房预告登记-预购商品房预告登记-修改单元信息（王岩） -->
</testng-results>
