<?xml version="1.0" encoding="UTF-8"?>
<testng-results skipped="0" failed="0" total="1" passed="1">
  <reporter-output>
    <line>
      <![CDATA[开始准备测试数据 ]]>
    </line>
    <line>
      <![CDATA[大保存 19_43]]>
    </line>
    <line>
      <![CDATA[<br/><img src="D:\work_space\js_de\debug\SeleniumConfig\bin\Debug\SootScreens\2019-03-20\19_43\大保存 19_43.png"  hight="900" width="900" />]]>
    </line>
    <line>
      <![CDATA[大保存 19_43(2)]]>
    </line>
    <line>
      <![CDATA[<br/><img src="D:\work_space\js_de\debug\SeleniumConfig\bin\Debug\SootScreens\2019-03-20\19_43\大保存 19_43(2).png"  hight="900" width="900"  />]]>
    </line>
    <line>
      <![CDATA[大保存 19_43(3)]]>
    </line>
    <line>
      <![CDATA[<br/><img src="D:\work_space\js_de\debug\SeleniumConfig\bin\Debug\SootScreens\2019-03-20\19_43\大保存 19_43(3).png"  hight="900" width="900"  />]]>
    </line>
    <line>
      <![CDATA[使用权断言对比]]>
    </line>
  </reporter-output>
  <suite name="三权分置流程-三权分置-宅基地资格权与房屋租赁使用权" duration-ms="145" started-at="2019-03-20T11:49:16Z" finished-at="2019-03-20T11:49:16Z">
    <groups>
    </groups>
    <test name="断言详情查看" duration-ms="145" started-at="2019-03-20T11:49:16Z" finished-at="2019-03-20T11:49:16Z">
      <class name="Test.DataProviderSet_Assert">
        <test-method status="PASS" signature="insetToExcel()[pri:0, instance:Test.DataProviderSet_Assert@55caeb35]" name="insetToExcel" is-config="true" duration-ms="613" started-at="2019-03-20T19:49:16Z" finished-at="2019-03-20T19:49:16Z">
          <reporter-output>
          </reporter-output>
        </test-method> <!-- insetToExcel -->
        <test-method status="PASS" signature="star(java.lang.String, java.lang.String, java.lang.String)[pri:0, instance:Test.DataProviderSet_Assert@55caeb35]" name="star" duration-ms="43" started-at="2019-03-20T19:49:16Z" data-provider="AssertData" finished-at="2019-03-20T19:49:16Z">
          <params>
            <param index="0">
              <value>
                <![CDATA[33]]>
              </value>
            </param>
            <param index="1">
              <value>
                <![CDATA[33]]>
              </value>
            </param>
            <param index="2">
              <value>
                <![CDATA[使用权断言对比]]>
              </value>
            </param>
          </params>
          <reporter-output>
            <line>
              <![CDATA[使用权断言对比]]>
            </line>
          </reporter-output>
        </test-method> <!-- star -->
      </class> <!-- Test.DataProviderSet_Assert -->
    </test> <!-- 断言详情查看 -->
  </suite> <!-- 三权分置流程-三权分置-宅基地资格权与房屋租赁使用权 -->
</testng-results>
