<?xml version="1.0" encoding="UTF-8"?>
<testng-results skipped="0" failed="0" total="1" passed="1">
  <reporter-output>
    <line>
      <![CDATA[资料收取<br/><img src="E:\work_space\js_de\debug\SeleniumConfig\bin\Debug\SootScreens\2019-06-05\13_51_33\资料收取.png"  hight="300" width="300"  onclick="javascript:window.open(this.src);"/>]]>
    </line>
    <line>
      <![CDATA[元素定位信息有误：org.openqa.selenium.NoSuchElementException: no such element
  (Session info: chrome=34.0.1847.116)
  (Driver info: chromedriver=2.9.248315,platform=Windows NT 6.3 x86_64) (WARNING: The server did not provide any stacktrace information)
Command duration or timeout: 2.07 seconds
For documentation on this error, please visit: http://seleniumhq.org/exceptions/no_such_element.html
Build info: version: 'unknown', revision: 'unknown', time: 'unknown'
System info: host: 'SuperMan-Wangyan20180625', ip: '192.168.6.79', os.name: 'Windows 10', os.arch: 'amd64', os.version: '10.0', java.version: '1.8.0_131'
Driver info: org.openqa.selenium.chrome.ChromeDriver
Capabilities [{applicationCacheEnabled=false, rotatable=false, chrome={userDataDir=C:\Users\ADMINI~1\AppData\Local\Temp\scoped_dir20360_334}, takesHeapSnapshot=true, databaseEnabled=false, handlesAlerts=true, version=34.0.1847.116, platform=XP, browserConnectionEnabled=false, nativeEvents=true, acceptSslCerts=true, locationContextEnabled=true, webStorageEnabled=true, browserName=chrome, takesScreenshot=true, javascriptEnabled=true, cssSelectorsEnabled=true}]
Session ID: 746826cb9207b267ce1a65e624608a62
*** Element info: {Using=xpath, value=/html/body/div[2]/table/tbody/tr[2]/td[2]}]]>
    </line>
    <line>
      <![CDATA[执行报错信息：null]]>
    </line>
    <line>
      <![CDATA[强行退出]]>
    </line>
    <line>
      <![CDATA[业务号：20190605-0000673]]>
    </line>
    <line>
      <![CDATA[该流程未完成，请留意!]]>
    </line>
    <line>
      <![CDATA[]]>
    </line>
    <line>
      <![CDATA[]]>
    </line>
  </reporter-output>
  <suite name="国有房地登记-国有建设用地使用权及房屋所有权（单套）-首次登记-assert_1" duration-ms="1" started-at="2019-06-05T05:53:10Z" finished-at="2019-06-05T05:53:10Z">
    <groups>
    </groups>
    <test name="断言详情查看" duration-ms="1" started-at="2019-06-05T05:53:10Z" finished-at="2019-06-05T05:53:10Z">
      <class name="Test.NoAssert">
        <test-method status="PASS" signature="showReport()[pri:0, instance:Test.NoAssert@2f31f4ad]" name="showReport" duration-ms="0" started-at="2019-06-05T13:53:10Z" finished-at="2019-06-05T13:53:10Z">
          <reporter-output>
            <line>
              <![CDATA[]]>
            </line>
          </reporter-output>
        </test-method> <!-- showReport -->
      </class> <!-- Test.NoAssert -->
    </test> <!-- 断言详情查看 -->
  </suite> <!-- 国有房地登记-国有建设用地使用权及房屋所有权（单套）-首次登记-assert_1 -->
</testng-results>
