<?xml version="1.0" encoding="UTF-8"?>
<!-- Generated by org.testng.reporters.JUnitXMLReporter -->
<testsuite hostname="SuperMan-Wangyan20180625" ignored="0" name="断言详情查看" tests="1" failures="1" timestamp="29 五月 2019 06:09:11 GMT" time="0.776" errors="0">
  <testcase name="star" time="0.054" classname="Test.DataProviderSet_Assert">
    <failure type="org.junit.ComparisonFailure" message="expected:&amp;lt;&amp;quot;[查询不动产]&amp;quot;&amp;gt; but was:&amp;lt;&amp;quot;[    添加]&amp;quot;&amp;gt;">
      <![CDATA[org.junit.ComparisonFailure: expected:<"[查询不动产]"> but was:<"[    添加]">
at Test.DataProviderSet_Assert.star(DataProviderSet_Assert.java:40)
at configSelenium.ConfigSeleniumStart.dotestng(ConfigSeleniumStart.java:1566)
at configSelenium.ConfigSeleniumStart.main(ConfigSeleniumStart.java:280)
... Removed 25 stack frames]]>
    </failure>
  </testcase> <!-- star -->
</testsuite> <!-- 断言详情查看 -->
