<?xml version="1.0" encoding="UTF-8"?>
<testng-results skipped="0" failed="0" total="1" passed="1">
  <reporter-output>
    <line>
      <![CDATA[<br/><img src="E:\work_space\js_de\debug\SeleniumConfig\bin\Debug\SootScreens\2019-06-05\11_10_03\.png"  hight="300" width="300"  onclick="javascript:window.open(this.src);"/>]]>
    </line>
    <line>
      <![CDATA[<br/><img src="E:\work_space\js_de\debug\SeleniumConfig\bin\Debug\SootScreens\2019-06-05\11_10_03\.png"  hight="300" width="300"  onclick="javascript:window.open(this.src);"/>]]>
    </line>
    <line>
      <![CDATA[(2)<br/><img src="E:\work_space\js_de\debug\SeleniumConfig\bin\Debug\SootScreens\2019-06-05\11_10_03\(2).png"  hight="300" width="300" onclick="javascript:window.open(this.src);" />]]>
    </line>
    <line>
      <![CDATA[<a href="E:\work_space\js_de\debug\SeleniumConfig\bin\Debug\FR\2019-06-05\11_10_03\受理通知书（初审）.doc"  target="_blank">受理通知书（初审）</a>]]>
    </line>
    <line>
      <![CDATA[<br/><img src="E:\work_space\js_de\debug\SeleniumConfig\bin\Debug\SootScreens\2019-06-05\11_10_03\.png"  hight="300" width="300"  onclick="javascript:window.open(this.src);"/>]]>
    </line>
    <line>
      <![CDATA[<a href="E:\work_space\js_de\debug\SeleniumConfig\bin\Debug\FR\2019-06-05\11_10_03\不动产登记申请书.paf"  target="_blank">不动产登记申请书</a>]]>
    </line>
    <line>
      <![CDATA[<br/><img src="E:\work_space\js_de\debug\SeleniumConfig\bin\Debug\SootScreens\2019-06-05\11_10_03\.png"  hight="300" width="300"  onclick="javascript:window.open(this.src);"/>]]>
    </line>
    <line>
      <![CDATA[slsq变化确认截图<br/><img src="E:\work_space\js_de\debug\SeleniumConfig\bin\Debug\SootScreens\2019-06-05\11_10_03\slsq变化确认截图.png"  hight="300" width="300"  onclick="javascript:window.open(this.src);"/>]]>
    </line>
    <line>
      <![CDATA[<br/><img src="E:\work_space\js_de\debug\SeleniumConfig\bin\Debug\SootScreens\2019-06-05\11_10_03\.png"  hight="300" width="300"  onclick="javascript:window.open(this.src);"/>]]>
    </line>
    <line>
      <![CDATA[<br/><img src="E:\work_space\js_de\debug\SeleniumConfig\bin\Debug\SootScreens\2019-06-05\11_10_03\.png"  hight="300" width="300"  onclick="javascript:window.open(this.src);"/>]]>
    </line>
    <line>
      <![CDATA[<br/><img src="E:\work_space\js_de\debug\SeleniumConfig\bin\Debug\SootScreens\2019-06-05\11_10_03\.png"  hight="300" width="300"  onclick="javascript:window.open(this.src);"/>]]>
    </line>
    <line>
      <![CDATA[<br/><img src="E:\work_space\js_de\debug\SeleniumConfig\bin\Debug\SootScreens\2019-06-05\11_10_03\.png"  hight="300" width="300"  onclick="javascript:window.open(this.src);"/>]]>
    </line>
    <line>
      <![CDATA[<br/><img src="E:\work_space\js_de\debug\SeleniumConfig\bin\Debug\SootScreens\2019-06-05\11_10_03\.png"  hight="300" width="300"  onclick="javascript:window.open(this.src);"/>]]>
    </line>
    <line>
      <![CDATA[<br/><img src="E:\work_space\js_de\debug\SeleniumConfig\bin\Debug\SootScreens\2019-06-05\11_10_03\.png"  hight="300" width="300"  onclick="javascript:window.open(this.src);"/>]]>
    </line>
    <line>
      <![CDATA[流程环节操作-报错信息：org.openqa.selenium.TimeoutException: Timed out after 120 seconds waiting for visibility of element located by By.id: txtInput
Build info: version: 'unknown', revision: 'unknown', time: 'unknown'
System info: host: 'SuperMan-Wangyan20180625', ip: '192.168.6.79', os.name: 'Windows 10', os.arch: 'amd64', os.version: '10.0', java.version: '1.8.0_131'
Driver info: org.openqa.selenium.chrome.ChromeDriver
Capabilities [{applicationCacheEnabled=false, rotatable=false, chrome={userDataDir=C:\Users\ADMINI~1\AppData\Local\Temp\scoped_dir3676_1762}, takesHeapSnapshot=true, databaseEnabled=false, handlesAlerts=true, version=34.0.1847.116, platform=XP, browserConnectionEnabled=false, nativeEvents=true, acceptSslCerts=true, locationContextEnabled=true, webStorageEnabled=true, browserName=chrome, takesScreenshot=true, javascriptEnabled=true, cssSelectorsEnabled=true}]
Session ID: 62576e539e7e8a5034c703003e9fa0cd]]>
    </line>
    <line>
      <![CDATA[流程环节操作-报错信息：java.lang.RuntimeException: Unexpected result for screenshot command: null]]>
    </line>
    <line>
      <![CDATA[流程环节操作-报错信息：org.openqa.selenium.WebDriverException: chrome not reachable
  (Session info: chrome=34.0.1847.116)
  (Driver info: chromedriver=2.9.248315,platform=Windows NT 6.3 x86_64) (WARNING: The server did not provide any stacktrace information)
Command duration or timeout: 2.01 seconds
Build info: version: 'unknown', revision: 'unknown', time: 'unknown'
System info: host: 'SuperMan-Wangyan20180625', ip: '192.168.6.79', os.name: 'Windows 10', os.arch: 'amd64', os.version: '10.0', java.version: '1.8.0_131'
Driver info: org.openqa.selenium.chrome.ChromeDriver
Capabilities [{applicationCacheEnabled=false, rotatable=false, chrome={userDataDir=C:\Users\ADMINI~1\AppData\Local\Temp\scoped_dir3676_1762}, takesHeapSnapshot=true, databaseEnabled=false, handlesAlerts=true, version=34.0.1847.116, platform=XP, browserConnectionEnabled=false, nativeEvents=true, acceptSslCerts=true, locationContextEnabled=true, webStorageEnabled=true, browserName=chrome, takesScreenshot=true, javascriptEnabled=true, cssSelectorsEnabled=true}]
Session ID: 62576e539e7e8a5034c703003e9fa0cd]]>
    </line>
    <line>
      <![CDATA[流程环节操作-报错信息：org.openqa.selenium.WebDriverException: chrome not reachable
  (Session info: chrome=34.0.1847.116)
  (Driver info: chromedriver=2.9.248315,platform=Windows NT 6.3 x86_64) (WARNING: The server did not provide any stacktrace information)
Command duration or timeout: 2.01 seconds
Build info: version: 'unknown', revision: 'unknown', time: 'unknown'
System info: host: 'SuperMan-Wangyan20180625', ip: '192.168.6.79', os.name: 'Windows 10', os.arch: 'amd64', os.version: '10.0', java.version: '1.8.0_131'
Driver info: org.openqa.selenium.chrome.ChromeDriver
Capabilities [{applicationCacheEnabled=false, rotatable=false, chrome={userDataDir=C:\Users\ADMINI~1\AppData\Local\Temp\scoped_dir3676_1762}, takesHeapSnapshot=true, databaseEnabled=false, handlesAlerts=true, version=34.0.1847.116, platform=XP, browserConnectionEnabled=false, nativeEvents=true, acceptSslCerts=true, locationContextEnabled=true, webStorageEnabled=true, browserName=chrome, takesScreenshot=true, javascriptEnabled=true, cssSelectorsEnabled=true}]
Session ID: 62576e539e7e8a5034c703003e9fa0cd]]>
    </line>
    <line>
      <![CDATA[执行报错信息：chrome not reachable
  (Session info: chrome=34.0.1847.116)
  (Driver info: chromedriver=2.9.248315,platform=Windows NT 6.3 x86_64) (WARNING: The server did not provide any stacktrace information)
Command duration or timeout: 2.02 seconds
Build info: version: 'unknown', revision: 'unknown', time: 'unknown'
System info: host: 'SuperMan-Wangyan20180625', ip: '192.168.6.79', os.name: 'Windows 10', os.arch: 'amd64', os.version: '10.0', java.version: '1.8.0_131'
Driver info: org.openqa.selenium.chrome.ChromeDriver
Capabilities [{applicationCacheEnabled=false, rotatable=false, chrome={userDataDir=C:\Users\ADMINI~1\AppData\Local\Temp\scoped_dir3676_1762}, takesHeapSnapshot=true, databaseEnabled=false, handlesAlerts=true, version=34.0.1847.116, platform=XP, browserConnectionEnabled=false, nativeEvents=true, acceptSslCerts=true, locationContextEnabled=true, webStorageEnabled=true, browserName=chrome, takesScreenshot=true, javascriptEnabled=true, cssSelectorsEnabled=true}]
Session ID: 62576e539e7e8a5034c703003e9fa0cd]]>
    </line>
    <line>
      <![CDATA[强行退出]]>
    </line>
    <line>
      <![CDATA[业务号：20190605-0000660]]>
    </line>
    <line>
      <![CDATA[该流程未完成，请留意!]]>
    </line>
    <line>
      <![CDATA[]]>
    </line>
    <line>
      <![CDATA[]]>
    </line>
  </reporter-output>
  <suite name="国有房地登记-国有建设用地使用权及房屋所有权（大宗地）-转移登记-国有房地转移（大宗地）-转移登记-普通回归测试（洪侃侃）" duration-ms="19" started-at="2019-06-05T03:17:54Z" finished-at="2019-06-05T03:17:54Z">
    <groups>
    </groups>
    <test name="断言详情查看" duration-ms="19" started-at="2019-06-05T03:17:54Z" finished-at="2019-06-05T03:17:54Z">
      <class name="Test.NoAssert">
        <test-method status="PASS" signature="showReport()[pri:0, instance:Test.NoAssert@2ff0f24]" name="showReport" duration-ms="5" started-at="2019-06-05T11:17:54Z" finished-at="2019-06-05T11:17:54Z">
          <reporter-output>
            <line>
              <![CDATA[]]>
            </line>
          </reporter-output>
        </test-method> <!-- showReport -->
      </class> <!-- Test.NoAssert -->
    </test> <!-- 断言详情查看 -->
  </suite> <!-- 国有房地登记-国有建设用地使用权及房屋所有权（大宗地）-转移登记-国有房地转移（大宗地）-转移登记-普通回归测试（洪侃侃） -->
</testng-results>
