<?xml version="1.0" encoding="UTF-8"?>
<testng-results skipped="0" failed="0" ignored="0" total="1" passed="1">
  <reporter-output>
    <line>
      <![CDATA[执行报错信息：unknown error: Element is not clickable at point (42, 143). Other element would receive the click: <div id="loading-indicator-undefined-overlay" class="loading-indicator-overlay" style="width: 1050px; height: 323px; left: 0px; position: absolute; top: 104px; z-index: 5000;"></div>
  (Session info: chrome=34.0.1847.116)
  (Driver info: chromedriver=2.9.248315,platform=Windows NT 6.3 x86_64) (WARNING: The server did not provide any stacktrace information)
Command duration or timeout: 40 milliseconds
Build info: version: 'unknown', revision: 'unknown', time: 'unknown'
System info: host: 'SuperMan-Wangyan20180625', ip: '192.168.6.79', os.name: 'Windows 10', os.arch: 'amd64', os.version: '10.0', java.version: '1.8.0_131'
Driver info: org.openqa.selenium.chrome.ChromeDriver
Capabilities [{applicationCacheEnabled=false, rotatable=false, chrome={userDataDir=C:\Users\ADMINI~1\AppData\Local\Temp\scoped_dir18980_16705}, takesHeapSnapshot=true, databaseEnabled=false, handlesAlerts=true, version=34.0.1847.116, platform=XP, browserConnectionEnabled=false, nativeEvents=true, acceptSslCerts=true, locationContextEnabled=true, webStorageEnabled=true, browserName=chrome, takesScreenshot=true, javascriptEnabled=true, cssSelectorsEnabled=true}]
Session ID: 3b889625338ce50eee511ceb7da6539f]]>
    </line>
    <line>
      <![CDATA[执行方案-报错截图2019-05-17 09_29<br/><img src="E:\work_space\js_de\debug\SeleniumConfig\bin\Debug\SootScreens\2019-05-17\09_30\执行方案-报错截图2019-05-17 09_29.png"  hight="300" width="300"  onclick="javascript:window.open(this.src);"/>]]>
    </line>
    <line>
      <![CDATA[强行退出]]>
    </line>
    <line>
      <![CDATA[已关闭相关服务进程]]>
    </line>
    <line>
      <![CDATA[]]>
    </line>
    <line>
      <![CDATA[]]>
    </line>
  </reporter-output>
  <suite name="预购商品房预告登记-预购商品房抵押权预告登记" duration-ms="27" started-at="2019-05-17T01:30:56Z" finished-at="2019-05-17T01:30:56Z">
    <groups>
    </groups>
    <test name="断言详情查看" duration-ms="27" started-at="2019-05-17T01:30:56Z" finished-at="2019-05-17T01:30:56Z">
      <class name="Test.NoAssert">
        <test-method status="PASS" signature="showReport()[pri:0, instance:Test.NoAssert@2a8068ad]" name="showReport" duration-ms="5" started-at="2019-05-17T01:30:56Z" finished-at="2019-05-17T01:30:56Z">
          <reporter-output>
            <line>
              <![CDATA[]]>
            </line>
          </reporter-output>
        </test-method> <!-- showReport -->
      </class> <!-- Test.NoAssert -->
    </test> <!-- 断言详情查看 -->
  </suite> <!-- 预购商品房预告登记-预购商品房抵押权预告登记 -->
</testng-results>
