<?xml version="1.0" encoding="UTF-8"?>
<!-- Generated by org.testng.reporters.JUnitXMLReporter -->
<testsuite hostname="SuperMan-Wangyan20180625" ignored="0" name="断言详情查看" tests="1" failures="1" timestamp="21 五月 2019 01:25:08 GMT" time="0.101" errors="0">
  <testcase name="star" time="0.0" classname="Test.DataProviderSet_Assert">
    <failure type="org.junit.ComparisonFailure" message="expected:&amp;lt;&amp;quot;申请[]信息&amp;quot;&amp;gt; but was:&amp;lt;&amp;quot;申请[人]信息&amp;quot;&amp;gt;">
      <![CDATA[org.junit.ComparisonFailure: expected:<"申请[]信息"> but was:<"申请[人]信息">
at Test.DataProviderSet_Assert.star(DataProviderSet_Assert.java:39)
at configSelenium.ConfigSeleniumStart.dotestng(ConfigSeleniumStart.java:1604)
at configSelenium.ConfigSeleniumStart.main(ConfigSeleniumStart.java:333)
... Removed 25 stack frames]]>
    </failure>
  </testcase> <!-- star -->
</testsuite> <!-- 断言详情查看 -->
