<?xml version="1.0" encoding="UTF-8"?>
<!-- Generated by org.testng.reporters.JUnitXMLReporter -->
<testsuite hostname="MTC-20180624XMT" name="自动化测试报告" tests="5" failures="3" timestamp="11 Mar 2019 02:37:59 GMT" time="0.174" errors="0">
  <testcase name="star" time="0.038" classname="dao.DataProviderSet_Assert">
    <failure type="org.junit.ComparisonFailure" message="expected:&amp;lt;&amp;quot;申请人[]&amp;quot;&amp;gt; but was:&amp;lt;&amp;quot;申请人[信息]&amp;quot;&amp;gt;">
      <![CDATA[org.junit.ComparisonFailure: expected:<"申请人[]"> but was:<"申请人[信息]">
	at dao.DataProviderSet_Assert.star(DataProviderSet_Assert.java:32)
	at configSelenium.ConfigSeleniumStart.main(ConfigSeleniumStart.java:203)
... Removed 24 stack frames]]>
    </failure>
  </testcase> <!-- star -->
  <testcase name="star" time="0.0" classname="dao.DataProviderSet_Assert"/>
  <testcase name="star" time="0.002" classname="dao.DataProviderSet_Assert"/>
  <testcase name="star" time="0.001" classname="dao.DataProviderSet_Assert">
    <failure type="org.junit.ComparisonFailure" message="expected:&amp;lt;&amp;quot;开发商名称[ ]&amp;quot;&amp;gt; but was:&amp;lt;&amp;quot;开发商名称[：]&amp;quot;&amp;gt;">
      <![CDATA[org.junit.ComparisonFailure: expected:<"开发商名称[ ]"> but was:<"开发商名称[：]">
	at dao.DataProviderSet_Assert.star(DataProviderSet_Assert.java:32)
	at configSelenium.ConfigSeleniumStart.main(ConfigSeleniumStart.java:203)
... Removed 24 stack frames]]>
    </failure>
  </testcase> <!-- star -->
  <testcase name="star" time="0.0" classname="dao.DataProviderSet_Assert">
    <failure type="org.junit.ComparisonFailure" message="expected:&amp;lt;&amp;quot;项目[]&amp;quot;&amp;gt; but was:&amp;lt;&amp;quot;项目[名称：]&amp;quot;&amp;gt;">
      <![CDATA[org.junit.ComparisonFailure: expected:<"项目[]"> but was:<"项目[名称：]">
	at dao.DataProviderSet_Assert.star(DataProviderSet_Assert.java:32)
	at configSelenium.ConfigSeleniumStart.main(ConfigSeleniumStart.java:203)
... Removed 24 stack frames]]>
    </failure>
  </testcase> <!-- star -->
</testsuite> <!-- 自动化测试报告 -->
