<?xml version="1.0" encoding="UTF-8"?>
<!-- Generated by org.testng.reporters.JUnitXMLReporter -->
<testsuite hostname="SuperMan-Wangyan20180625" ignored="0" name="断言详情查看" tests="2" failures="1" timestamp="30 五月 2019 05:22:26 GMT" time="0.086" errors="0">
  <testcase name="star" time="0.0" classname="Test.DataProviderSet_Assert">
    <failure type="org.junit.ComparisonFailure" message="expected:&amp;lt;&amp;quot;[null]&amp;quot;&amp;gt; but was:&amp;lt;&amp;quot;[房地权利人132529]&amp;quot;&amp;gt;">
      <![CDATA[org.junit.ComparisonFailure: expected:<"[null]"> but was:<"[房地权利人132529]">
at Test.DataProviderSet_Assert.star(DataProviderSet_Assert.java:40)
at configSelenium.ConfigSeleniumStart.dotestng(ConfigSeleniumStart.java:1577)
at configSelenium.ConfigSeleniumStart.main(ConfigSeleniumStart.java:297)
... Removed 25 stack frames]]>
    </failure>
  </testcase> <!-- star -->
  <testcase name="star" time="0.002" classname="Test.DataProviderSet_Assert"/>
</testsuite> <!-- 断言详情查看 -->
