<?xml version="1.0" encoding="UTF-8"?>
<testng-results skipped="0" failed="0" ignored="0" total="1" passed="1">
  <reporter-output>
    <line>
      <![CDATA[流程环节报错信息：org.openqa.selenium.TimeoutException: Timed out after 120 seconds waiting for visibility of [[ChromeDriver: chrome on XP (6c3fa94255a74caa3a2f5cbe549886eb)] -> xpath: //span[@class='menu_level_0']]
Build info: version: 'unknown', revision: 'unknown', time: 'unknown'
System info: host: 'SuperMan-Wangyan20180625', ip: '192.168.6.79', os.name: 'Windows 10', os.arch: 'amd64', os.version: '10.0', java.version: '1.8.0_131'
Driver info: org.openqa.selenium.chrome.ChromeDriver
Capabilities [{applicationCacheEnabled=false, rotatable=false, chrome={userDataDir=C:\Users\ADMINI~1\AppData\Local\Temp\scoped_dir19772_24349}, takesHeapSnapshot=true, databaseEnabled=false, handlesAlerts=true, version=34.0.1847.116, platform=XP, browserConnectionEnabled=false, nativeEvents=true, acceptSslCerts=true, locationContextEnabled=true, webStorageEnabled=true, browserName=chrome, takesScreenshot=true, javascriptEnabled=true, cssSelectorsEnabled=true}]
Session ID: 6c3fa94255a74caa3a2f5cbe549886eb]]>
    </line>
    <line>
      <![CDATA[点击新收办件-报错截图2019-05-16 15_49<br/><img src="E:\work_space\js_de\debug\SeleniumConfig\bin\Debug\SootScreens\2019-05-16\15_53\点击新收办件-报错截图2019-05-16 15_49.png"  hight="300" width="300"  onclick="javascript:window.open(this.src);"/>]]>
    </line>
    <line>
      <![CDATA[执行报错信息：Timed out after 120 seconds waiting for visibility of [[ChromeDriver: chrome on XP (6c3fa94255a74caa3a2f5cbe549886eb)] -> xpath: //span[@class='menu_level_0']]
Build info: version: 'unknown', revision: 'unknown', time: 'unknown'
System info: host: 'SuperMan-Wangyan20180625', ip: '192.168.6.79', os.name: 'Windows 10', os.arch: 'amd64', os.version: '10.0', java.version: '1.8.0_131'
Driver info: org.openqa.selenium.chrome.ChromeDriver
Capabilities [{applicationCacheEnabled=false, rotatable=false, chrome={userDataDir=C:\Users\ADMINI~1\AppData\Local\Temp\scoped_dir19772_24349}, takesHeapSnapshot=true, databaseEnabled=false, handlesAlerts=true, version=34.0.1847.116, platform=XP, browserConnectionEnabled=false, nativeEvents=true, acceptSslCerts=true, locationContextEnabled=true, webStorageEnabled=true, browserName=chrome, takesScreenshot=true, javascriptEnabled=true, cssSelectorsEnabled=true}]
Session ID: 6c3fa94255a74caa3a2f5cbe549886eb]]>
    </line>
    <line>
      <![CDATA[执行方案-报错截图2019-05-16 15_49<br/><img src="E:\work_space\js_de\debug\SeleniumConfig\bin\Debug\SootScreens\2019-05-16\15_53\执行方案-报错截图2019-05-16 15_49.png"  hight="300" width="300"  onclick="javascript:window.open(this.src);"/>]]>
    </line>
    <line>
      <![CDATA[强行退出]]>
    </line>
    <line>
      <![CDATA[已关闭相关服务进程]]>
    </line>
    <line>
      <![CDATA[该流程未完成，请留意!]]>
    </line>
    <line>
      <![CDATA[]]>
    </line>
    <line>
      <![CDATA[]]>
    </line>
  </reporter-output>
  <suite name="预购商品房预告登记流程-预购商品房预告登记-预购商品房预告补换证登记-预购商品房-预告补换证登记-修改单元信息（王岩）" duration-ms="17" started-at="2019-05-16T07:54:11Z" finished-at="2019-05-16T07:54:11Z">
    <groups>
    </groups>
    <test name="断言详情查看" duration-ms="17" started-at="2019-05-16T07:54:11Z" finished-at="2019-05-16T07:54:11Z">
      <class name="Test.NoAssert">
        <test-method status="PASS" signature="showReport()[pri:0, instance:Test.NoAssert@5561f343]" name="showReport" duration-ms="3" started-at="2019-05-16T07:54:11Z" finished-at="2019-05-16T07:54:11Z">
          <reporter-output>
            <line>
              <![CDATA[]]>
            </line>
          </reporter-output>
        </test-method> <!-- showReport -->
      </class> <!-- Test.NoAssert -->
    </test> <!-- 断言详情查看 -->
  </suite> <!-- 预购商品房预告登记流程-预购商品房预告登记-预购商品房预告补换证登记-预购商品房-预告补换证登记-修改单元信息（王岩） -->
</testng-results>
