<?xml version="1.0" encoding="UTF-8"?>
<testng-results skipped="0" failed="0" ignored="0" total="1" passed="1">
  <reporter-output>
    <line>
      <![CDATA[执行报错信息：Timed out after 60 seconds waiting for visibility of element located by By.id: BZ
Build info: version: 'unknown', revision: 'unknown', time: 'unknown'
System info: host: 'SuperMan-Wangyan20180625', ip: '192.168.6.79', os.name: 'Windows 10', os.arch: 'amd64', os.version: '10.0', java.version: '1.8.0_131'
Driver info: org.openqa.selenium.chrome.ChromeDriver
Capabilities [{applicationCacheEnabled=false, rotatable=false, chrome={userDataDir=C:\Users\ADMINI~1\AppData\Local\Temp\scoped_dir10608_23484}, takesHeapSnapshot=true, databaseEnabled=false, handlesAlerts=true, version=34.0.1847.116, platform=XP, browserConnectionEnabled=false, nativeEvents=true, acceptSslCerts=true, locationContextEnabled=true, webStorageEnabled=true, browserName=chrome, takesScreenshot=true, javascriptEnabled=true, cssSelectorsEnabled=true}]
Session ID: 7e9acc4b21b969f5cc62cf3a59698fd7]]>
    </line>
    <line>
      <![CDATA[执行方案-报错截图2019-05-17 09_32<br/><img src="E:\work_space\js_de\debug\SeleniumConfig\bin\Debug\SootScreens\2019-05-17\09_34\执行方案-报错截图2019-05-17 09_32.png"  hight="300" width="300"  onclick="javascript:window.open(this.src);"/>]]>
    </line>
    <line>
      <![CDATA[执行方案-报错截图2019-05-17 09_32(2)<br/><img src="E:\work_space\js_de\debug\SeleniumConfig\bin\Debug\SootScreens\2019-05-17\09_34\执行方案-报错截图2019-05-17 09_32(2).png"  hight="300" width="300" onclick="javascript:window.open(this.src);" />]]>
    </line>
    <line>
      <![CDATA[强行退出]]>
    </line>
    <line>
      <![CDATA[已关闭相关服务进程]]>
    </line>
    <line>
      <![CDATA[]]>
    </line>
    <line>
      <![CDATA[]]>
    </line>
  </reporter-output>
  <suite name="预购商品房预告登记-预购商品房抵押权预告登记" duration-ms="30" started-at="2019-05-17T01:34:50Z" finished-at="2019-05-17T01:34:50Z">
    <groups>
    </groups>
    <test name="断言详情查看" duration-ms="30" started-at="2019-05-17T01:34:50Z" finished-at="2019-05-17T01:34:50Z">
      <class name="Test.NoAssert">
        <test-method status="PASS" signature="showReport()[pri:0, instance:Test.NoAssert@138e6a2e]" name="showReport" duration-ms="10" started-at="2019-05-17T01:34:50Z" finished-at="2019-05-17T01:34:50Z">
          <reporter-output>
            <line>
              <![CDATA[]]>
            </line>
          </reporter-output>
        </test-method> <!-- showReport -->
      </class> <!-- Test.NoAssert -->
    </test> <!-- 断言详情查看 -->
  </suite> <!-- 预购商品房预告登记-预购商品房抵押权预告登记 -->
</testng-results>
