<?xml version="1.0" encoding="UTF-8"?>
<!-- Generated by org.testng.reporters.JUnitXMLReporter -->
<testsuite hostname="MTC-20180624XMT" name="断言详情查看" tests="3" failures="3" timestamp="17 Apr 2019 09:16:56 GMT" time="0.892" errors="0">
  <testcase name="star" time="0.045" classname="Test.DataProviderSet_Assert">
    <failure type="java.lang.StringIndexOutOfBoundsException" message="String index out of range: -1">
      <![CDATA[java.lang.StringIndexOutOfBoundsException: String index out of range: -1
	at java.lang.String.substring(Unknown Source)
	at Test.DataProviderSet_Assert.star(DataProviderSet_Assert.java:34)
	at configSelenium.ConfigSeleniumStart.dotestng(ConfigSeleniumStart.java:1421)
	at configSelenium.ConfigSeleniumStart.main(ConfigSeleniumStart.java:237)
... Removed 21 stack frames]]>
    </failure>
  </testcase> <!-- star -->
  <testcase name="star" time="0.0" classname="Test.DataProviderSet_Assert">
    <failure type="java.lang.StringIndexOutOfBoundsException" message="String index out of range: -1">
      <![CDATA[java.lang.StringIndexOutOfBoundsException: String index out of range: -1
	at java.lang.String.substring(Unknown Source)
	at Test.DataProviderSet_Assert.star(DataProviderSet_Assert.java:34)
	at configSelenium.ConfigSeleniumStart.dotestng(ConfigSeleniumStart.java:1421)
	at configSelenium.ConfigSeleniumStart.main(ConfigSeleniumStart.java:237)
... Removed 21 stack frames]]>
    </failure>
  </testcase> <!-- star -->
  <testcase name="star" time="0.0" classname="Test.DataProviderSet_Assert">
    <failure type="java.lang.StringIndexOutOfBoundsException" message="String index out of range: -4">
      <![CDATA[java.lang.StringIndexOutOfBoundsException: String index out of range: -4
	at java.lang.String.substring(Unknown Source)
	at Test.DataProviderSet_Assert.star(DataProviderSet_Assert.java:34)
	at configSelenium.ConfigSeleniumStart.dotestng(ConfigSeleniumStart.java:1421)
	at configSelenium.ConfigSeleniumStart.main(ConfigSeleniumStart.java:237)
... Removed 21 stack frames]]>
    </failure>
  </testcase> <!-- star -->
</testsuite> <!-- 断言详情查看 -->
