<?xml version="1.0" encoding="UTF-8"?>
<testng-results skipped="0" failed="0" ignored="0" total="1" passed="1">
  <reporter-output>
    <line>
      <![CDATA[业务号：null]]>
    </line>
    <line>
      <![CDATA[资料收取 10_36<br/><img src="E:\work_space\js_de\debug\SeleniumConfig\bin\Debug\SootScreens\2019-04-26\10_36\资料收取 10_36.png"  hight="300" width="300"  onclick="javascript:window.open(this.src);"/>]]>
    </line>
    <line>
      <![CDATA[收件受理环节移交异常！转出校验信息为：
请添加需要登记的不动产单元！ 请添加办件相关申请人！
]]>
    </line>
    <line>
      <![CDATA[]]>
    </line>
  </reporter-output>
  <suite name="所有首次登记流程-国有建设用地使用权及房屋所有权（单套）-首次登记-assert_123" duration-ms="16" started-at="2019-04-26T02:37:12Z" finished-at="2019-04-26T02:37:12Z">
    <groups>
    </groups>
    <test name="断言详情查看" duration-ms="16" started-at="2019-04-26T02:37:12Z" finished-at="2019-04-26T02:37:12Z">
      <class name="Test.NoAssert">
        <test-method status="PASS" signature="showReport()[pri:0, instance:Test.NoAssert@f95024]" name="showReport" duration-ms="3" started-at="2019-04-26T02:37:12Z" finished-at="2019-04-26T02:37:12Z">
          <reporter-output>
            <line>
              <![CDATA[]]>
            </line>
          </reporter-output>
        </test-method> <!-- showReport -->
      </class> <!-- Test.NoAssert -->
    </test> <!-- 断言详情查看 -->
  </suite> <!-- 所有首次登记流程-国有建设用地使用权及房屋所有权（单套）-首次登记-assert_123 -->
</testng-results>
