<?xml version="1.0" encoding="UTF-8"?>
<!-- Generated by org.testng.reporters.JUnitXMLReporter -->
<testsuite hostname="MUTC-20190422MN" name="断言详情查看" tests="3" failures="2" timestamp="23 Apr 2019 09:38:56 GMT" time="0.125" errors="0">
  <testcase name="star" time="0.001" classname="Test.DataProviderSet_Assert">
    <failure type="org.junit.ComparisonFailure" message="expected:&amp;lt;&amp;quot;申请[]信息&amp;quot;&amp;gt; but was:&amp;lt;&amp;quot;申请[人]信息&amp;quot;&amp;gt;">
      <![CDATA[org.junit.ComparisonFailure: expected:<"申请[]信息"> but was:<"申请[人]信息">
	at Test.DataProviderSet_Assert.star(DataProviderSet_Assert.java:37)
	at configSelenium.ConfigSeleniumStart.dotestng(ConfigSeleniumStart.java:1422)
	at configSelenium.ConfigSeleniumStart.main(ConfigSeleniumStart.java:246)
... Removed 24 stack frames]]>
    </failure>
  </testcase> <!-- star -->
  <testcase name="star" time="0.0" classname="Test.DataProviderSet_Assert"/>
  <testcase name="star" time="0.003" classname="Test.DataProviderSet_Assert">
    <failure type="org.junit.ComparisonFailure" message="expected:&amp;lt;&amp;quot;[听]&amp;quot;&amp;gt; but was:&amp;lt;&amp;quot;[    添加]&amp;quot;&amp;gt;">
      <![CDATA[org.junit.ComparisonFailure: expected:<"[听]"> but was:<"[    添加]">
	at Test.DataProviderSet_Assert.star(DataProviderSet_Assert.java:37)
	at configSelenium.ConfigSeleniumStart.dotestng(ConfigSeleniumStart.java:1422)
	at configSelenium.ConfigSeleniumStart.main(ConfigSeleniumStart.java:246)
... Removed 24 stack frames]]>
    </failure>
  </testcase> <!-- star -->
</testsuite> <!-- 断言详情查看 -->
