<?xml version="1.0" encoding="UTF-8"?>
<testng-results skipped="0" failed="1" ignored="0" total="1" passed="0">
  <reporter-output>
  </reporter-output>
  <suite name="断言调试-国有建设用地使用权及房屋所有权（单套）-首次登记-assert_1" duration-ms="659" started-at="2019-05-14T02:27:38Z" finished-at="2019-05-14T02:27:39Z">
    <groups>
    </groups>
    <test name="断言详情查看" duration-ms="659" started-at="2019-05-14T02:27:38Z" finished-at="2019-05-14T02:27:39Z">
      <class name="Test.DataProviderSet_Assert">
        <test-method status="PASS" signature="insetToExcel()[pri:0, instance:Test.DataProviderSet_Assert@7e332f69]" name="insetToExcel" is-config="true" duration-ms="483" started-at="2019-05-14T02:27:38Z" finished-at="2019-05-14T02:27:39Z">
          <reporter-output>
          </reporter-output>
        </test-method> <!-- insetToExcel -->
        <test-method status="FAIL" signature="star(java.lang.String, java.lang.String, java.lang.String)[pri:0, instance:Test.DataProviderSet_Assert@7e332f69]" name="star" duration-ms="34" started-at="2019-05-14T02:27:39Z" data-provider="AssertData" finished-at="2019-05-14T02:27:39Z">
          <params>
            <param index="0">
              <value>
                <![CDATA[实际结果：申请人信息]]>
              </value>
            </param>
            <param index="1">
              <value>
                <![CDATA[预期结果：申请信息]]>
              </value>
            </param>
            <param index="2">
              <value>
                <![CDATA[-申请人信息标题断言]]>
              </value>
            </param>
          </params>
          <exception class="org.junit.ComparisonFailure">
            <message>
              <![CDATA[expected:<"申请[]信息"> but was:<"申请[人]信息">]]>
            </message>
            <full-stacktrace>
              <![CDATA[org.junit.ComparisonFailure: expected:<"申请[]信息"> but was:<"申请[人]信息">
at sun.reflect.NativeConstructorAccessorImpl.newInstance0(Native Method)
at sun.reflect.NativeConstructorAccessorImpl.newInstance(Unknown Source)
at sun.reflect.DelegatingConstructorAccessorImpl.newInstance(Unknown Source)
at Test.DataProviderSet_Assert.star(DataProviderSet_Assert.java:38)
at sun.reflect.NativeMethodAccessorImpl.invoke0(Native Method)
at sun.reflect.NativeMethodAccessorImpl.invoke(Unknown Source)
at sun.reflect.DelegatingMethodAccessorImpl.invoke(Unknown Source)
at java.lang.reflect.Method.invoke(Unknown Source)
at org.testng.internal.MethodInvocationHelper.invokeMethod(MethodInvocationHelper.java:124)
at org.testng.internal.Invoker.invokeMethod(Invoker.java:583)
at org.testng.internal.Invoker.invokeTestMethod(Invoker.java:719)
at org.testng.internal.Invoker.invokeTestMethods(Invoker.java:989)
at org.testng.internal.TestMethodWorker.invokeTestMethods(TestMethodWorker.java:125)
at org.testng.internal.TestMethodWorker.run(TestMethodWorker.java:109)
at org.testng.TestRunner.privateRun(TestRunner.java:648)
at org.testng.TestRunner.run(TestRunner.java:505)
at org.testng.SuiteRunner.runTest(SuiteRunner.java:455)
at org.testng.SuiteRunner.runSequentially(SuiteRunner.java:450)
at org.testng.SuiteRunner.privateRun(SuiteRunner.java:415)
at org.testng.SuiteRunner.run(SuiteRunner.java:364)
at org.testng.SuiteRunnerWorker.runSuite(SuiteRunnerWorker.java:52)
at org.testng.SuiteRunnerWorker.run(SuiteRunnerWorker.java:84)
at org.testng.TestNG.runSuitesSequentially(TestNG.java:1208)
at org.testng.TestNG.runSuitesLocally(TestNG.java:1137)
at org.testng.TestNG.runSuites(TestNG.java:1049)
at org.testng.TestNG.run(TestNG.java:1017)
at configSelenium.ConfigSeleniumStart.dotestng(ConfigSeleniumStart.java:1453)
at configSelenium.ConfigSeleniumStart.main(ConfigSeleniumStart.java:255)
]]>
            </full-stacktrace>
          </exception> <!-- org.junit.ComparisonFailure -->
          <reporter-output>
          </reporter-output>
        </test-method> <!-- star -->
        <test-method status="PASS" signature="deleteExcel()[pri:0, instance:Test.DataProviderSet_Assert@7e332f69]" name="deleteExcel" is-config="true" duration-ms="54" started-at="2019-05-14T02:27:39Z" finished-at="2019-05-14T02:27:39Z">
          <reporter-output>
          </reporter-output>
        </test-method> <!-- deleteExcel -->
      </class> <!-- Test.DataProviderSet_Assert -->
    </test> <!-- 断言详情查看 -->
  </suite> <!-- 断言调试-国有建设用地使用权及房屋所有权（单套）-首次登记-assert_1 -->
</testng-results>
