<?xml version="1.0" encoding="UTF-8"?>
<testng-results skipped="0" failed="0" total="1" passed="1">
  <reporter-output>
    <line>
      <![CDATA[流程环节操作-报错信息：org.openqa.selenium.TimeoutException: Timed out after 30 seconds waiting for visibility of all elements located by By.xpath: //a[@title='窗口资料收取']
Build info: version: 'unknown', revision: 'unknown', time: 'unknown'
System info: host: 'SuperMan-Wangyan20180625', ip: '192.168.6.79', os.name: 'Windows 10', os.arch: 'amd64', os.version: '10.0', java.version: '1.8.0_131'
Driver info: org.openqa.selenium.chrome.ChromeDriver
Capabilities [{applicationCacheEnabled=false, rotatable=false, chrome={userDataDir=C:\Users\ADMINI~1\AppData\Local\Temp\scoped_dir9172_18335}, takesHeapSnapshot=true, databaseEnabled=false, handlesAlerts=true, version=34.0.1847.116, platform=XP, browserConnectionEnabled=false, nativeEvents=true, acceptSslCerts=true, locationContextEnabled=true, webStorageEnabled=true, browserName=chrome, takesScreenshot=true, javascriptEnabled=true, cssSelectorsEnabled=true}]
Session ID: e8396c746d4cf995ab0a14963b7be5a8]]>
    </line>
    <line>
      <![CDATA[环节操作-报错截图2019-06-05_11_17<br/><img src="E:\work_space\js_de\debug\SeleniumConfig\bin\Debug\SootScreens\2019-06-05\11_18_52\环节操作-报错截图2019-06-05_11_17.png"  hight="300" width="300"  onclick="javascript:window.open(this.src);"/>]]>
    </line>
    <line>
      <![CDATA[执行报错信息：Timed out after 30 seconds waiting for visibility of all elements located by By.xpath: //a[@title='窗口资料收取']
Build info: version: 'unknown', revision: 'unknown', time: 'unknown'
System info: host: 'SuperMan-Wangyan20180625', ip: '192.168.6.79', os.name: 'Windows 10', os.arch: 'amd64', os.version: '10.0', java.version: '1.8.0_131'
Driver info: org.openqa.selenium.chrome.ChromeDriver
Capabilities [{applicationCacheEnabled=false, rotatable=false, chrome={userDataDir=C:\Users\ADMINI~1\AppData\Local\Temp\scoped_dir9172_18335}, takesHeapSnapshot=true, databaseEnabled=false, handlesAlerts=true, version=34.0.1847.116, platform=XP, browserConnectionEnabled=false, nativeEvents=true, acceptSslCerts=true, locationContextEnabled=true, webStorageEnabled=true, browserName=chrome, takesScreenshot=true, javascriptEnabled=true, cssSelectorsEnabled=true}]
Session ID: e8396c746d4cf995ab0a14963b7be5a8]]>
    </line>
    <line>
      <![CDATA[强行退出]]>
    </line>
    <line>
      <![CDATA[业务号：20190605-0000662]]>
    </line>
    <line>
      <![CDATA[该流程未完成，请留意!]]>
    </line>
    <line>
      <![CDATA[]]>
    </line>
    <line>
      <![CDATA[]]>
    </line>
  </reporter-output>
  <suite name="国有房地登记-国有建设用地使用权及房屋所有权（大宗地）-转移登记-国有房地转移（大宗地）-转移登记-普通回归测试（洪侃侃）" duration-ms="21" started-at="2019-06-05T03:18:53Z" finished-at="2019-06-05T03:18:53Z">
    <groups>
    </groups>
    <test name="断言详情查看" duration-ms="21" started-at="2019-06-05T03:18:53Z" finished-at="2019-06-05T03:18:53Z">
      <class name="Test.NoAssert">
        <test-method status="PASS" signature="showReport()[pri:0, instance:Test.NoAssert@28203154]" name="showReport" duration-ms="6" started-at="2019-06-05T11:18:53Z" finished-at="2019-06-05T11:18:53Z">
          <reporter-output>
            <line>
              <![CDATA[]]>
            </line>
          </reporter-output>
        </test-method> <!-- showReport -->
      </class> <!-- Test.NoAssert -->
    </test> <!-- 断言详情查看 -->
  </suite> <!-- 国有房地登记-国有建设用地使用权及房屋所有权（大宗地）-转移登记-国有房地转移（大宗地）-转移登记-普通回归测试（洪侃侃） -->
</testng-results>
