<?xml version="1.0" encoding="UTF-8"?>
<!-- Generated by org.testng.reporters.JUnitXMLReporter -->
<testsuite hostname="MTC-20180624XMT" name="断言详情查看" tests="1" failures="1" timestamp="15 Mar 2019 05:27:07 GMT" time="0.319" errors="0">
  <testcase name="star" time="0.152" classname="Test.DataProviderSet_Assert">
    <failure type="org.junit.ComparisonFailure" message="expected:&amp;lt;&amp;quot;[]&amp;quot;&amp;gt; but was:&amp;lt;&amp;quot;[张三丰]&amp;quot;&amp;gt;">
      <![CDATA[org.junit.ComparisonFailure: expected:<"[]"> but was:<"[张三丰]">
	at Test.DataProviderSet_Assert.star(DataProviderSet_Assert.java:29)
	at configSelenium.ConfigSeleniumStart.dotestng(ConfigSeleniumStart.java:1050)
	at configSelenium.ConfigSeleniumStart.main(ConfigSeleniumStart.java:212)
... Removed 24 stack frames]]>
    </failure>
  </testcase> <!-- star -->
</testsuite> <!-- 断言详情查看 -->
