<h2>Reporter output</h2><table><tr><td><br/><img src="E:\work_space\js_de\debug\SeleniumConfig\bin\Debug\SootScreens\2019-06-05\11_10_03\.png"  hight="300" width="300"  onclick="javascript:window.open(this.src);"/></td></tr>
<tr><td><br/><img src="E:\work_space\js_de\debug\SeleniumConfig\bin\Debug\SootScreens\2019-06-05\11_10_03\.png"  hight="300" width="300"  onclick="javascript:window.open(this.src);"/></td></tr>
<tr><td>(2)<br/><img src="E:\work_space\js_de\debug\SeleniumConfig\bin\Debug\SootScreens\2019-06-05\11_10_03\(2).png"  hight="300" width="300" onclick="javascript:window.open(this.src);" /></td></tr>
<tr><td><a href="E:\work_space\js_de\debug\SeleniumConfig\bin\Debug\FR\2019-06-05\11_10_03\受理通知书（初审）.doc"  target="_blank">受理通知书（初审）</a></td></tr>
<tr><td><br/><img src="E:\work_space\js_de\debug\SeleniumConfig\bin\Debug\SootScreens\2019-06-05\11_10_03\.png"  hight="300" width="300"  onclick="javascript:window.open(this.src);"/></td></tr>
<tr><td><a href="E:\work_space\js_de\debug\SeleniumConfig\bin\Debug\FR\2019-06-05\11_10_03\不动产登记申请书.paf"  target="_blank">不动产登记申请书</a></td></tr>
<tr><td><br/><img src="E:\work_space\js_de\debug\SeleniumConfig\bin\Debug\SootScreens\2019-06-05\11_10_03\.png"  hight="300" width="300"  onclick="javascript:window.open(this.src);"/></td></tr>
<tr><td>slsq变化确认截图<br/><img src="E:\work_space\js_de\debug\SeleniumConfig\bin\Debug\SootScreens\2019-06-05\11_10_03\slsq变化确认截图.png"  hight="300" width="300"  onclick="javascript:window.open(this.src);"/></td></tr>
<tr><td><br/><img src="E:\work_space\js_de\debug\SeleniumConfig\bin\Debug\SootScreens\2019-06-05\11_10_03\.png"  hight="300" width="300"  onclick="javascript:window.open(this.src);"/></td></tr>
<tr><td><br/><img src="E:\work_space\js_de\debug\SeleniumConfig\bin\Debug\SootScreens\2019-06-05\11_10_03\.png"  hight="300" width="300"  onclick="javascript:window.open(this.src);"/></td></tr>
<tr><td><br/><img src="E:\work_space\js_de\debug\SeleniumConfig\bin\Debug\SootScreens\2019-06-05\11_10_03\.png"  hight="300" width="300"  onclick="javascript:window.open(this.src);"/></td></tr>
<tr><td><br/><img src="E:\work_space\js_de\debug\SeleniumConfig\bin\Debug\SootScreens\2019-06-05\11_10_03\.png"  hight="300" width="300"  onclick="javascript:window.open(this.src);"/></td></tr>
<tr><td><br/><img src="E:\work_space\js_de\debug\SeleniumConfig\bin\Debug\SootScreens\2019-06-05\11_10_03\.png"  hight="300" width="300"  onclick="javascript:window.open(this.src);"/></td></tr>
<tr><td><br/><img src="E:\work_space\js_de\debug\SeleniumConfig\bin\Debug\SootScreens\2019-06-05\11_10_03\.png"  hight="300" width="300"  onclick="javascript:window.open(this.src);"/></td></tr>
<tr><td>流程环节操作-报错信息：org.openqa.selenium.TimeoutException: Timed out after 120 seconds waiting for visibility of element located by By.id: txtInput
Build info: version: 'unknown', revision: 'unknown', time: 'unknown'
System info: host: 'SuperMan-Wangyan20180625', ip: '192.168.6.79', os.name: 'Windows 10', os.arch: 'amd64', os.version: '10.0', java.version: '1.8.0_131'
Driver info: org.openqa.selenium.chrome.ChromeDriver
Capabilities [{applicationCacheEnabled=false, rotatable=false, chrome={userDataDir=C:\Users\ADMINI~1\AppData\Local\Temp\scoped_dir3676_1762}, takesHeapSnapshot=true, databaseEnabled=false, handlesAlerts=true, version=34.0.1847.116, platform=XP, browserConnectionEnabled=false, nativeEvents=true, acceptSslCerts=true, locationContextEnabled=true, webStorageEnabled=true, browserName=chrome, takesScreenshot=true, javascriptEnabled=true, cssSelectorsEnabled=true}]
Session ID: 62576e539e7e8a5034c703003e9fa0cd</td></tr>
<tr><td>流程环节操作-报错信息：java.lang.RuntimeException: Unexpected result for screenshot command: null</td></tr>
<tr><td>流程环节操作-报错信息：org.openqa.selenium.WebDriverException: chrome not reachable
  (Session info: chrome=34.0.1847.116)
  (Driver info: chromedriver=2.9.248315,platform=Windows NT 6.3 x86_64) (WARNING: The server did not provide any stacktrace information)
Command duration or timeout: 2.01 seconds
Build info: version: 'unknown', revision: 'unknown', time: 'unknown'
System info: host: 'SuperMan-Wangyan20180625', ip: '192.168.6.79', os.name: 'Windows 10', os.arch: 'amd64', os.version: '10.0', java.version: '1.8.0_131'
Driver info: org.openqa.selenium.chrome.ChromeDriver
Capabilities [{applicationCacheEnabled=false, rotatable=false, chrome={userDataDir=C:\Users\ADMINI~1\AppData\Local\Temp\scoped_dir3676_1762}, takesHeapSnapshot=true, databaseEnabled=false, handlesAlerts=true, version=34.0.1847.116, platform=XP, browserConnectionEnabled=false, nativeEvents=true, acceptSslCerts=true, locationContextEnabled=true, webStorageEnabled=true, browserName=chrome, takesScreenshot=true, javascriptEnabled=true, cssSelectorsEnabled=true}]
Session ID: 62576e539e7e8a5034c703003e9fa0cd</td></tr>
<tr><td>流程环节操作-报错信息：org.openqa.selenium.WebDriverException: chrome not reachable
  (Session info: chrome=34.0.1847.116)
  (Driver info: chromedriver=2.9.248315,platform=Windows NT 6.3 x86_64) (WARNING: The server did not provide any stacktrace information)
Command duration or timeout: 2.01 seconds
Build info: version: 'unknown', revision: 'unknown', time: 'unknown'
System info: host: 'SuperMan-Wangyan20180625', ip: '192.168.6.79', os.name: 'Windows 10', os.arch: 'amd64', os.version: '10.0', java.version: '1.8.0_131'
Driver info: org.openqa.selenium.chrome.ChromeDriver
Capabilities [{applicationCacheEnabled=false, rotatable=false, chrome={userDataDir=C:\Users\ADMINI~1\AppData\Local\Temp\scoped_dir3676_1762}, takesHeapSnapshot=true, databaseEnabled=false, handlesAlerts=true, version=34.0.1847.116, platform=XP, browserConnectionEnabled=false, nativeEvents=true, acceptSslCerts=true, locationContextEnabled=true, webStorageEnabled=true, browserName=chrome, takesScreenshot=true, javascriptEnabled=true, cssSelectorsEnabled=true}]
Session ID: 62576e539e7e8a5034c703003e9fa0cd</td></tr>
<tr><td>执行报错信息：chrome not reachable
  (Session info: chrome=34.0.1847.116)
  (Driver info: chromedriver=2.9.248315,platform=Windows NT 6.3 x86_64) (WARNING: The server did not provide any stacktrace information)
Command duration or timeout: 2.02 seconds
Build info: version: 'unknown', revision: 'unknown', time: 'unknown'
System info: host: 'SuperMan-Wangyan20180625', ip: '192.168.6.79', os.name: 'Windows 10', os.arch: 'amd64', os.version: '10.0', java.version: '1.8.0_131'
Driver info: org.openqa.selenium.chrome.ChromeDriver
Capabilities [{applicationCacheEnabled=false, rotatable=false, chrome={userDataDir=C:\Users\ADMINI~1\AppData\Local\Temp\scoped_dir3676_1762}, takesHeapSnapshot=true, databaseEnabled=false, handlesAlerts=true, version=34.0.1847.116, platform=XP, browserConnectionEnabled=false, nativeEvents=true, acceptSslCerts=true, locationContextEnabled=true, webStorageEnabled=true, browserName=chrome, takesScreenshot=true, javascriptEnabled=true, cssSelectorsEnabled=true}]
Session ID: 62576e539e7e8a5034c703003e9fa0cd</td></tr>
<tr><td>强行退出</td></tr>
<tr><td>业务号：20190605-0000660</td></tr>
<tr><td>该流程未完成，请留意!</td></tr>
<tr><td></td></tr>
<tr><td></td></tr>
</table>