<?xml version="1.0" encoding="UTF-8"?>
<!-- Generated by org.testng.reporters.JUnitXMLReporter -->
<testsuite hostname="MTC-20180624XMT" ignored="0" name="Command line test" tests="2" failures="1" timestamp="11 三月 2019 02:29:46 GMT" time="0.162" errors="0">
  <testcase name="Case1" time="0.015" classname="Test.Assert.TestCase"/>
  <testcase name="Case2" time="0.101" classname="Test.Assert.TestCase">
    <failure type="org.junit.ComparisonFailure" message="[不相等啊] expected:&amp;lt;&amp;quot;[地主]&amp;quot;&amp;gt; but was:&amp;lt;&amp;quot;[旺达]&amp;quot;&amp;gt;">
        <![CDATA[org.junit.ComparisonFailure: [不相等啊] expected:<"[地主]"> but was:<"[旺达]">
at Test.Assert.TestCase.Case2(TestCase.java:93)
at Test.Assert.TestCase.main(TestCase.java:44)
... Removed 25 stack frames]]>
    </failure>
  </testcase> <!-- Case2 -->
</testsuite> <!-- Command line test -->
