<?xml version="1.0" encoding="UTF-8"?>
<!-- Generated by org.testng.reporters.JUnitXMLReporter -->
<testsuite hostname="MTC-20180624XMT" name="断言详情查看" tests="2" failures="2" timestamp="25 Mar 2019 01:04:46 GMT" time="0.191" errors="0">
  <testcase name="star" time="0.043" classname="Test.DataProviderSet_Assert">
    <failure type="org.junit.ComparisonFailure" message="expected:&amp;lt;&amp;quot;[预期结果：申请]&amp;quot;&amp;gt; but was:&amp;lt;&amp;quot;[实际结果：申请人信息]&amp;quot;&amp;gt;">
      <![CDATA[org.junit.ComparisonFailure: expected:<"[预期结果：申请]"> but was:<"[实际结果：申请人信息]">
	at Test.DataProviderSet_Assert.star(DataProviderSet_Assert.java:31)
	at configSelenium.ConfigSeleniumStart.dotestng(ConfigSeleniumStart.java:1066)
	at configSelenium.ConfigSeleniumStart.main(ConfigSeleniumStart.java:183)
... Removed 24 stack frames]]>
    </failure>
  </testcase> <!-- star -->
  <testcase name="star" time="0.001" classname="Test.DataProviderSet_Assert">
    <failure type="org.junit.ComparisonFailure" message="expected:&amp;lt;&amp;quot;[预期结果：不动产单元]&amp;quot;&amp;gt; but was:&amp;lt;&amp;quot;[实际结果：不动产单元信息]&amp;quot;&amp;gt;">
      <![CDATA[org.junit.ComparisonFailure: expected:<"[预期结果：不动产单元]"> but was:<"[实际结果：不动产单元信息]">
	at Test.DataProviderSet_Assert.star(DataProviderSet_Assert.java:31)
	at configSelenium.ConfigSeleniumStart.dotestng(ConfigSeleniumStart.java:1066)
	at configSelenium.ConfigSeleniumStart.main(ConfigSeleniumStart.java:183)
... Removed 24 stack frames]]>
    </failure>
  </testcase> <!-- star -->
</testsuite> <!-- 断言详情查看 -->
