<?xml version="1.0" encoding="UTF-8"?>
<testng-results skipped="0" failed="0" ignored="0" total="1" passed="1">
  <reporter-output>
    <line>
      <![CDATA[业务号：20190517-0000912]]>
    </line>
    <line>
      <![CDATA[业务号：20190517-0000912]]>
    </line>
    <line>
      <![CDATA[该流程已正常走完!]]>
    </line>
    <line>
      <![CDATA[]]>
    </line>
    <line>
      <![CDATA[]]>
    </line>
    <line>
      <![CDATA[]]>
    </line>
    <line>
      <![CDATA[]]>
    </line>
  </reporter-output>
  <suite name="预购商品房预告登记-预购商品房抵押权预告登记" duration-ms="2" started-at="2019-05-17T05:03:55Z" finished-at="2019-05-17T05:03:55Z">
    <groups>
    </groups>
    <test name="断言详情查看" duration-ms="2" started-at="2019-05-17T05:03:55Z" finished-at="2019-05-17T05:03:55Z">
      <class name="Test.NoAssert">
        <test-method status="PASS" signature="showReport()[pri:0, instance:Test.NoAssert@1545a8ab]" name="showReport" duration-ms="0" started-at="2019-05-17T05:03:55Z" finished-at="2019-05-17T05:03:55Z">
          <reporter-output>
            <line>
              <![CDATA[]]>
            </line>
          </reporter-output>
        </test-method> <!-- showReport -->
      </class> <!-- Test.NoAssert -->
    </test> <!-- 断言详情查看 -->
  </suite> <!-- 预购商品房预告登记-预购商品房抵押权预告登记 -->
</testng-results>
