<?xml version="1.0" encoding="UTF-8"?>
<!-- Generated by org.testng.reporters.JUnitXMLReporter -->
<testsuite hostname="MTC-20180624XMT" name="断言详情查看" tests="2" failures="2" timestamp="27 Mar 2019 08:12:59 GMT" time="0.129" errors="0">
  <testcase name="star" time="0.039" classname="Test.DataProviderSet_Assert">
    <failure type="org.junit.ComparisonFailure" message="expected:&amp;lt;&amp;quot;[预期结果：申请]信息&amp;quot;&amp;gt; but was:&amp;lt;&amp;quot;[实际结果：申请人]信息&amp;quot;&amp;gt;">
      <![CDATA[org.junit.ComparisonFailure: expected:<"[预期结果：申请]信息"> but was:<"[实际结果：申请人]信息">
	at Test.DataProviderSet_Assert.star(DataProviderSet_Assert.java:30)
	at configSelenium.ConfigSeleniumStart.dotestng(ConfigSeleniumStart.java:1093)
	at configSelenium.ConfigSeleniumStart.main(ConfigSeleniumStart.java:175)
... Removed 24 stack frames]]>
    </failure>
  </testcase> <!-- star -->
  <testcase name="star" time="0.0" classname="Test.DataProviderSet_Assert">
    <failure type="org.junit.ComparisonFailure" message="expected:&amp;lt;&amp;quot;[预期]结果：项目信息&amp;quot;&amp;gt; but was:&amp;lt;&amp;quot;[实际]结果：项目信息&amp;quot;&amp;gt;">
      <![CDATA[org.junit.ComparisonFailure: expected:<"[预期]结果：项目信息"> but was:<"[实际]结果：项目信息">
	at Test.DataProviderSet_Assert.star(DataProviderSet_Assert.java:30)
	at configSelenium.ConfigSeleniumStart.dotestng(ConfigSeleniumStart.java:1093)
	at configSelenium.ConfigSeleniumStart.main(ConfigSeleniumStart.java:175)
... Removed 24 stack frames]]>
    </failure>
  </testcase> <!-- star -->
</testsuite> <!-- 断言详情查看 -->
