<?xml version="1.0" encoding="UTF-8"?>
<testng-results skipped="0" failed="0" ignored="0" total="1" passed="1">
  <reporter-output>
    <line>
      <![CDATA[资料收取<br/><img src="E:\work_space\js_de\debug\SeleniumConfig\bin\Debug\SootScreens\2019-05-14\15_39\资料收取.png"  hight="300" width="300"  onclick="javascript:window.open(this.src);"/>]]>
    </line>
    <line>
      <![CDATA[<a href="E:\work_space\js_de\debug\SeleniumConfig\bin\Debug\FR\2019-05-14\15_39\word-不动产分摊凭证.pdf"  target="_blank">word-不动产分摊凭证</a>]]>
    </line>
    <line>
      <![CDATA[<a href="E:\work_space\js_de\debug\SeleniumConfig\bin\Debug\FR\2019-05-14\15_39\image-受理通知书.pdf"  target="_blank">image-受理通知书</a>]]>
    </line>
    <line>
      <![CDATA[<a href="E:\work_space\js_de\debug\SeleniumConfig\bin\Debug\FR\2019-05-14\15_39\excel-受理申请-不动产登记申请书.pdf"  target="_blank">excel-受理申请-不动产登记申请书</a>]]>
    </line>
    <line>
      <![CDATA[收件受理-环节移交异常！转出校验信息为：
请添加需要登记的不动产单元！ 请添加办件相关申请人！
]]>
    </line>
    <line>
      <![CDATA[转出校验提示框-2019-05-14 15_38<br/><img src="E:\work_space\js_de\debug\SeleniumConfig\bin\Debug\SootScreens\2019-05-14\15_39\转出校验提示框-2019-05-14 15_38.png"  hight="300" width="300"  onclick="javascript:window.open(this.src);"/>]]>
    </line>
    <line>
      <![CDATA[业务号：20190514-0006823]]>
    </line>
    <line>
      <![CDATA[]]>
    </line>
    <line>
      <![CDATA[]]>
    </line>
  </reporter-output>
  <suite name="断言调试-国有建设用地使用权及房屋所有权（单套）-首次登记-assert" duration-ms="16" started-at="2019-05-14T07:40:04Z" finished-at="2019-05-14T07:40:04Z">
    <groups>
    </groups>
    <test name="断言详情查看" duration-ms="16" started-at="2019-05-14T07:40:04Z" finished-at="2019-05-14T07:40:04Z">
      <class name="Test.NoAssert">
        <test-method status="PASS" signature="showReport()[pri:0, instance:Test.NoAssert@56e3aed9]" name="showReport" duration-ms="4" started-at="2019-05-14T07:40:04Z" finished-at="2019-05-14T07:40:04Z">
          <reporter-output>
            <line>
              <![CDATA[]]>
            </line>
          </reporter-output>
        </test-method> <!-- showReport -->
      </class> <!-- Test.NoAssert -->
    </test> <!-- 断言详情查看 -->
  </suite> <!-- 断言调试-国有建设用地使用权及房屋所有权（单套）-首次登记-assert -->
</testng-results>
