<?xml version="1.0" encoding="UTF-8"?>
<!-- Generated by org.testng.reporters.JUnitXMLReporter -->
<testsuite hostname="MTC-20180624XMT" name="断言详情查看" tests="2" failures="2" timestamp="21 Mar 2019 04:35:38 GMT" time="0.102" errors="0">
  <testcase name="@AfterTest sendemail" time="0.0" classname="Test.DataProviderSet_Assert">
    <failure type="java.lang.NullPointerException">
      <![CDATA[java.lang.NullPointerException
	at javax.mail.internet.InternetAddress.parse(InternetAddress.java:609)
	at javax.mail.internet.InternetAddress.parse(InternetAddress.java:569)
	at javax.mail.internet.InternetAddress.parse(InternetAddress.java:546)
	at Test.SendEmail.sendEmail(SendEmail.java:85)
	at Test.DataProviderSet_Assert.sendemail(DataProviderSet_Assert.java:147)
	at configSelenium.ConfigSeleniumStart.dotestng(ConfigSeleniumStart.java:1041)
	at configSelenium.ConfigSeleniumStart.main(ConfigSeleniumStart.java:183)
... Removed 19 stack frames]]>
    </failure>
  </testcase> <!-- @AfterTest sendemail -->
  <testcase name="star" time="0.022" classname="Test.DataProviderSet_Assert">
    <failure type="org.junit.ComparisonFailure" message="expected:&amp;lt;&amp;quot;申请人[]&amp;quot;&amp;gt; but was:&amp;lt;&amp;quot;申请人[信息]&amp;quot;&amp;gt;">
      <![CDATA[org.junit.ComparisonFailure: expected:<"申请人[]"> but was:<"申请人[信息]">
	at Test.DataProviderSet_Assert.star(DataProviderSet_Assert.java:31)
	at configSelenium.ConfigSeleniumStart.dotestng(ConfigSeleniumStart.java:1041)
	at configSelenium.ConfigSeleniumStart.main(ConfigSeleniumStart.java:183)
... Removed 24 stack frames]]>
    </failure>
  </testcase> <!-- star -->
  <testcase name="star" time="0.0" classname="Test.DataProviderSet_Assert">
    <failure type="org.junit.ComparisonFailure" message="expected:&amp;lt;&amp;quot;不动产单元[]&amp;quot;&amp;gt; but was:&amp;lt;&amp;quot;不动产单元[信息]&amp;quot;&amp;gt;">
      <![CDATA[org.junit.ComparisonFailure: expected:<"不动产单元[]"> but was:<"不动产单元[信息]">
	at Test.DataProviderSet_Assert.star(DataProviderSet_Assert.java:31)
	at configSelenium.ConfigSeleniumStart.dotestng(ConfigSeleniumStart.java:1041)
	at configSelenium.ConfigSeleniumStart.main(ConfigSeleniumStart.java:183)
... Removed 24 stack frames]]>
    </failure>
  </testcase> <!-- star -->
</testsuite> <!-- 断言详情查看 -->
